ciudata-app/android/app/build/intermediates/manifest_merge_blame_file/debug/manifest-merger-blame-debug-report.txt
1<?xml version="1.0" encoding="utf-8"?>
2<manifest xmlns:android="http://schemas.android.com/apk/res/android"
3    package="com.ciudata.app.debug"
4    android:versionCode="1"
5    android:versionName="1.0.0-debug" >
6
7    <uses-sdk
8        android:minSdkVersion="22"
9        android:targetSdkVersion="34" />
10
11    <!-- ══ PERMISOS INTERNET ══ -->
12    <uses-permission android:name="android.permission.INTERNET" />
12-->src\main\AndroidManifest.xml:6:5-67
12-->src\main\AndroidManifest.xml:6:22-64
13    <uses-permission android:name="android.permission.ACCESS_NETWORK_STATE" />
13-->src\main\AndroidManifest.xml:7:5-79
13-->src\main\AndroidManifest.xml:7:22-76
14    <uses-permission android:name="android.permission.ACCESS_WIFI_STATE" />
14-->src\main\AndroidManifest.xml:8:5-76
14-->src\main\AndroidManifest.xml:8:22-73
15
16    <!-- ══ GPS / UBICACIÓN ══ -->
17    <uses-permission android:name="android.permission.ACCESS_FINE_LOCATION" />
17-->src\main\AndroidManifest.xml:11:5-79
17-->src\main\AndroidManifest.xml:11:22-76
18    <uses-permission android:name="android.permission.ACCESS_COARSE_LOCATION" />
18-->src\main\AndroidManifest.xml:12:5-81
18-->src\main\AndroidManifest.xml:12:22-78
19
20    <!-- ══ CÁMARA (FUTURA) ══ -->
21    <uses-permission android:name="android.permission.CAMERA" />
21-->src\main\AndroidManifest.xml:15:5-65
21-->src\main\AndroidManifest.xml:15:22-62
22
23    <uses-feature
23-->src\main\AndroidManifest.xml:16:5-85
24        android:name="android.hardware.camera"
24-->src\main\AndroidManifest.xml:16:19-57
25        android:required="false" />
25-->src\main\AndroidManifest.xml:16:58-82
26
27    <!-- ══ NOTIFICACIONES ══ -->
28    <uses-permission android:name="android.permission.POST_NOTIFICATIONS" />
28-->src\main\AndroidManifest.xml:19:5-77
28-->src\main\AndroidManifest.xml:19:22-74
29    <uses-permission android:name="android.permission.RECEIVE_BOOT_COMPLETED" />
29-->src\main\AndroidManifest.xml:20:5-81
29-->src\main\AndroidManifest.xml:20:22-78
30    <uses-permission android:name="android.permission.VIBRATE" />
30-->src\main\AndroidManifest.xml:21:5-66
30-->src\main\AndroidManifest.xml:21:22-63
31    <uses-permission android:name="android.permission.WAKE_LOCK" />
31-->src\main\AndroidManifest.xml:22:5-68
31-->src\main\AndroidManifest.xml:22:22-65
32
33    <!-- ══ ALMACENAMIENTO (MODO OFFLINE) ══ -->
34    <uses-permission android:name="android.permission.READ_EXTERNAL_STORAGE" />
34-->src\main\AndroidManifest.xml:25:5-80
34-->src\main\AndroidManifest.xml:25:22-77
35    <uses-permission
35-->src\main\AndroidManifest.xml:26:5-27:38
36        android:name="android.permission.WRITE_EXTERNAL_STORAGE"
36-->src\main\AndroidManifest.xml:26:22-78
37        android:maxSdkVersion="28" />
37-->src\main\AndroidManifest.xml:27:9-35
38
39    <queries>
39-->[:capacitor-camera] AndroidManifest.xml:7:5-11:15
40        <intent>
40-->[:capacitor-camera] AndroidManifest.xml:8:9-10:18
41            <action android:name="android.media.action.IMAGE_CAPTURE" />
41-->[:capacitor-camera] AndroidManifest.xml:9:13-73
41-->[:capacitor-camera] AndroidManifest.xml:9:21-70
42        </intent>
43    </queries> <!-- Required by older versions of Google Play services to create IID tokens -->
44    <uses-permission android:name="com.google.android.c2dm.permission.RECEIVE" />
44-->[com.google.firebase:firebase-messaging:23.3.1] AndroidManifest.xml:26:5-82
44-->[com.google.firebase:firebase-messaging:23.3.1] AndroidManifest.xml:26:22-79
45
46    <permission
46-->[androidx.core:core:1.13.1] AndroidManifest.xml:22:5-24:47
47        android:name="com.ciudata.app.debug.DYNAMIC_RECEIVER_NOT_EXPORTED_PERMISSION"
47-->[androidx.core:core:1.13.1] AndroidManifest.xml:23:9-81
48        android:protectionLevel="signature" />
48-->[androidx.core:core:1.13.1] AndroidManifest.xml:24:9-44
49
50    <uses-permission android:name="com.ciudata.app.debug.DYNAMIC_RECEIVER_NOT_EXPORTED_PERMISSION" />
50-->[androidx.core:core:1.13.1] AndroidManifest.xml:26:5-97
50-->[androidx.core:core:1.13.1] AndroidManifest.xml:26:22-94
51
52    <application
52-->src\main\AndroidManifest.xml:29:5-78:19
53        android:allowBackup="true"
53-->src\main\AndroidManifest.xml:30:9-35
54        android:appComponentFactory="androidx.core.app.CoreComponentFactory"
54-->[androidx.core:core:1.13.1] AndroidManifest.xml:28:18-86
55        android:debuggable="true"
56        android:extractNativeLibs="true"
57        android:hardwareAccelerated="true"
57-->src\main\AndroidManifest.xml:35:9-43
58        android:icon="@mipmap/ic_launcher"
58-->src\main\AndroidManifest.xml:31:9-43
59        android:label="@string/app_name"
59-->src\main\AndroidManifest.xml:33:9-41
60        android:largeHeap="true"
60-->src\main\AndroidManifest.xml:36:9-33
61        android:networkSecurityConfig="@xml/network_security_config"
61-->src\main\AndroidManifest.xml:38:9-69
62        android:roundIcon="@mipmap/ic_launcher_round"
62-->src\main\AndroidManifest.xml:32:9-54
63        android:supportsRtl="false"
63-->src\main\AndroidManifest.xml:39:9-36
64        android:theme="@style/AppTheme"
64-->src\main\AndroidManifest.xml:34:9-40
65        android:usesCleartextTraffic="false" >
65-->src\main\AndroidManifest.xml:37:9-45
66        <activity
66-->src\main\AndroidManifest.xml:41:9-54:20
67            android:name="com.ciudata.app.MainActivity"
67-->src\main\AndroidManifest.xml:42:13-56
68            android:configChanges="orientation|keyboardHidden|keyboard|screenSize|locale|smallestScreenSize|screenLayout|uiMode"
68-->src\main\AndroidManifest.xml:47:13-129
69            android:exported="true"
69-->src\main\AndroidManifest.xml:43:13-36
70            android:launchMode="singleTask"
70-->src\main\AndroidManifest.xml:44:13-44
71            android:screenOrientation="portrait"
71-->src\main\AndroidManifest.xml:48:13-49
72            android:theme="@style/AppTheme.NoActionBar"
72-->src\main\AndroidManifest.xml:45:13-56
73            android:windowSoftInputMode="adjustResize" >
73-->src\main\AndroidManifest.xml:46:13-55
74            <intent-filter>
74-->src\main\AndroidManifest.xml:50:13-53:29
75                <action android:name="android.intent.action.MAIN" />
75-->src\main\AndroidManifest.xml:51:17-69
75-->src\main\AndroidManifest.xml:51:25-66
76
77                <category android:name="android.intent.category.LAUNCHER" />
77-->src\main\AndroidManifest.xml:52:17-77
77-->src\main\AndroidManifest.xml:52:27-74
78            </intent-filter>
79        </activity>
80
81        <!-- FILE PROVIDER para archivos futuros -->
82        <provider
83            android:name="androidx.core.content.FileProvider"
83-->src\main\AndroidManifest.xml:58:13-62
84            android:authorities="com.ciudata.app.debug.fileprovider"
84-->src\main\AndroidManifest.xml:59:13-64
85            android:exported="false"
85-->src\main\AndroidManifest.xml:60:13-37
86            android:grantUriPermissions="true" >
86-->src\main\AndroidManifest.xml:61:13-47
87            <meta-data
87-->src\main\AndroidManifest.xml:62:13-64:54
88                android:name="android.support.FILE_PROVIDER_PATHS"
88-->src\main\AndroidManifest.xml:63:17-67
89                android:resource="@xml/file_paths" />
89-->src\main\AndroidManifest.xml:64:17-51
90        </provider>
91
92        <!-- NOTIFICACIONES PUSH - Descomentar junto con Firebase SDK en build.gradle -->
93        <!--
94        <meta-data
95            android:name="com.google.firebase.messaging.default_notification_icon"
96            android:resource="@drawable/ic_notification" />
97        <meta-data
98            android:name="com.google.firebase.messaging.default_notification_color"
99            android:resource="@color/colorPrimary" />
100        <meta-data
101            android:name="com.google.firebase.messaging.default_notification_channel_id"
102            android:value="ciudata_alerts" />
103        -->
104
105        <service
105-->[:capacitor-push-notifications] AndroidManifest.xml:8:9-14:19
106            android:name="com.capacitorjs.plugins.pushnotifications.MessagingService"
106-->[:capacitor-push-notifications] AndroidManifest.xml:9:13-86
107            android:exported="false" >
107-->[:capacitor-push-notifications] AndroidManifest.xml:10:13-37
108            <intent-filter>
108-->[:capacitor-push-notifications] AndroidManifest.xml:11:13-13:29
109                <action android:name="com.google.firebase.MESSAGING_EVENT" />
109-->[:capacitor-push-notifications] AndroidManifest.xml:12:17-78
109-->[:capacitor-push-notifications] AndroidManifest.xml:12:25-75
110            </intent-filter>
111        </service>
112
113        <receiver
113-->[com.google.firebase:firebase-messaging:23.3.1] AndroidManifest.xml:29:9-40:20
114            android:name="com.google.firebase.iid.FirebaseInstanceIdReceiver"
114-->[com.google.firebase:firebase-messaging:23.3.1] AndroidManifest.xml:30:13-78
115            android:exported="true"
115-->[com.google.firebase:firebase-messaging:23.3.1] AndroidManifest.xml:31:13-36
116            android:permission="com.google.android.c2dm.permission.SEND" >
116-->[com.google.firebase:firebase-messaging:23.3.1] AndroidManifest.xml:32:13-73
117            <intent-filter>
117-->[com.google.firebase:firebase-messaging:23.3.1] AndroidManifest.xml:33:13-35:29
118                <action android:name="com.google.android.c2dm.intent.RECEIVE" />
118-->[com.google.firebase:firebase-messaging:23.3.1] AndroidManifest.xml:34:17-81
118-->[com.google.firebase:firebase-messaging:23.3.1] AndroidManifest.xml:34:25-78
119            </intent-filter>
120
121            <meta-data
121-->[com.google.firebase:firebase-messaging:23.3.1] AndroidManifest.xml:37:13-39:40
122                android:name="com.google.android.gms.cloudmessaging.FINISHED_AFTER_HANDLED"
122-->[com.google.firebase:firebase-messaging:23.3.1] AndroidManifest.xml:38:17-92
123                android:value="true" />
123-->[com.google.firebase:firebase-messaging:23.3.1] AndroidManifest.xml:39:17-37
124        </receiver>
125        <!--
126             FirebaseMessagingService performs security checks at runtime,
127             but set to not exported to explicitly avoid allowing another app to call it.
128        -->
129        <service
129-->[com.google.firebase:firebase-messaging:23.3.1] AndroidManifest.xml:46:9-53:19
130            android:name="com.google.firebase.messaging.FirebaseMessagingService"
130-->[com.google.firebase:firebase-messaging:23.3.1] AndroidManifest.xml:47:13-82
131            android:directBootAware="true"
131-->[com.google.firebase:firebase-messaging:23.3.1] AndroidManifest.xml:48:13-43
132            android:exported="false" >
132-->[com.google.firebase:firebase-messaging:23.3.1] AndroidManifest.xml:49:13-37
133            <intent-filter android:priority="-500" >
133-->[:capacitor-push-notifications] AndroidManifest.xml:11:13-13:29
134                <action android:name="com.google.firebase.MESSAGING_EVENT" />
134-->[:capacitor-push-notifications] AndroidManifest.xml:12:17-78
134-->[:capacitor-push-notifications] AndroidManifest.xml:12:25-75
135            </intent-filter>
136        </service>
137        <service
137-->[com.google.firebase:firebase-messaging:23.3.1] AndroidManifest.xml:54:9-63:19
138            android:name="com.google.firebase.components.ComponentDiscoveryService"
138-->[com.google.firebase:firebase-messaging:23.3.1] AndroidManifest.xml:55:13-84
139            android:directBootAware="true"
139-->[com.google.firebase:firebase-common:20.4.2] AndroidManifest.xml:32:13-43
140            android:exported="false" >
140-->[com.google.firebase:firebase-messaging:23.3.1] AndroidManifest.xml:56:13-37
141            <meta-data
141-->[com.google.firebase:firebase-messaging:23.3.1] AndroidManifest.xml:57:13-59:85
142                android:name="com.google.firebase.components:com.google.firebase.messaging.FirebaseMessagingKtxRegistrar"
142-->[com.google.firebase:firebase-messaging:23.3.1] AndroidManifest.xml:58:17-122
143                android:value="com.google.firebase.components.ComponentRegistrar" />
143-->[com.google.firebase:firebase-messaging:23.3.1] AndroidManifest.xml:59:17-82
144            <meta-data
144-->[com.google.firebase:firebase-messaging:23.3.1] AndroidManifest.xml:60:13-62:85
145                android:name="com.google.firebase.components:com.google.firebase.messaging.FirebaseMessagingRegistrar"
145-->[com.google.firebase:firebase-messaging:23.3.1] AndroidManifest.xml:61:17-119
146                android:value="com.google.firebase.components.ComponentRegistrar" />
146-->[com.google.firebase:firebase-messaging:23.3.1] AndroidManifest.xml:62:17-82
147            <meta-data
147-->[com.google.firebase:firebase-installations:17.2.0] AndroidManifest.xml:15:13-17:85
148                android:name="com.google.firebase.components:com.google.firebase.installations.FirebaseInstallationsKtxRegistrar"
148-->[com.google.firebase:firebase-installations:17.2.0] AndroidManifest.xml:16:17-130
149                android:value="com.google.firebase.components.ComponentRegistrar" />
149-->[com.google.firebase:firebase-installations:17.2.0] AndroidManifest.xml:17:17-82
150            <meta-data
150-->[com.google.firebase:firebase-installations:17.2.0] AndroidManifest.xml:18:13-20:85
151                android:name="com.google.firebase.components:com.google.firebase.installations.FirebaseInstallationsRegistrar"
151-->[com.google.firebase:firebase-installations:17.2.0] AndroidManifest.xml:19:17-127
152                android:value="com.google.firebase.components.ComponentRegistrar" />
152-->[com.google.firebase:firebase-installations:17.2.0] AndroidManifest.xml:20:17-82
153            <meta-data
153-->[com.google.firebase:firebase-common-ktx:20.4.2] AndroidManifest.xml:12:13-14:85
154                android:name="com.google.firebase.components:com.google.firebase.ktx.FirebaseCommonLegacyRegistrar"
154-->[com.google.firebase:firebase-common-ktx:20.4.2] AndroidManifest.xml:13:17-116
155                android:value="com.google.firebase.components.ComponentRegistrar" />
155-->[com.google.firebase:firebase-common-ktx:20.4.2] AndroidManifest.xml:14:17-82
156            <meta-data
156-->[com.google.firebase:firebase-common:20.4.2] AndroidManifest.xml:35:13-37:85
157                android:name="com.google.firebase.components:com.google.firebase.FirebaseCommonKtxRegistrar"
157-->[com.google.firebase:firebase-common:20.4.2] AndroidManifest.xml:36:17-109
158                android:value="com.google.firebase.components.ComponentRegistrar" />
158-->[com.google.firebase:firebase-common:20.4.2] AndroidManifest.xml:37:17-82
159            <meta-data
159-->[com.google.firebase:firebase-datatransport:18.1.7] AndroidManifest.xml:27:13-29:85
160                android:name="com.google.firebase.components:com.google.firebase.datatransport.TransportRegistrar"
160-->[com.google.firebase:firebase-datatransport:18.1.7] AndroidManifest.xml:28:17-115
161                android:value="com.google.firebase.components.ComponentRegistrar" />
161-->[com.google.firebase:firebase-datatransport:18.1.7] AndroidManifest.xml:29:17-82
162        </service>
163
164        <activity
164-->[com.google.android.gms:play-services-base:18.1.0] AndroidManifest.xml:20:9-22:45
165            android:name="com.google.android.gms.common.api.GoogleApiActivity"
165-->[com.google.android.gms:play-services-base:18.1.0] AndroidManifest.xml:20:19-85
166            android:exported="false"
166-->[com.google.android.gms:play-services-base:18.1.0] AndroidManifest.xml:22:19-43
167            android:theme="@android:style/Theme.Translucent.NoTitleBar" />
167-->[com.google.android.gms:play-services-base:18.1.0] AndroidManifest.xml:21:19-78
168
169        <provider
169-->[com.google.firebase:firebase-common:20.4.2] AndroidManifest.xml:23:9-28:39
170            android:name="com.google.firebase.provider.FirebaseInitProvider"
170-->[com.google.firebase:firebase-common:20.4.2] AndroidManifest.xml:24:13-77
171            android:authorities="com.ciudata.app.debug.firebaseinitprovider"
171-->[com.google.firebase:firebase-common:20.4.2] AndroidManifest.xml:25:13-72
172            android:directBootAware="true"
172-->[com.google.firebase:firebase-common:20.4.2] AndroidManifest.xml:26:13-43
173            android:exported="false"
173-->[com.google.firebase:firebase-common:20.4.2] AndroidManifest.xml:27:13-37
174            android:initOrder="100" />
174-->[com.google.firebase:firebase-common:20.4.2] AndroidManifest.xml:28:13-36
175        <provider
175-->[androidx.emoji2:emoji2:1.3.0] AndroidManifest.xml:24:9-32:20
176            android:name="androidx.startup.InitializationProvider"
176-->[androidx.emoji2:emoji2:1.3.0] AndroidManifest.xml:25:13-67
177            android:authorities="com.ciudata.app.debug.androidx-startup"
177-->[androidx.emoji2:emoji2:1.3.0] AndroidManifest.xml:26:13-68
178            android:exported="false" >
178-->[androidx.emoji2:emoji2:1.3.0] AndroidManifest.xml:27:13-37
179            <meta-data
179-->[androidx.emoji2:emoji2:1.3.0] AndroidManifest.xml:29:13-31:52
180                android:name="androidx.emoji2.text.EmojiCompatInitializer"
180-->[androidx.emoji2:emoji2:1.3.0] AndroidManifest.xml:30:17-75
181                android:value="androidx.startup" />
181-->[androidx.emoji2:emoji2:1.3.0] AndroidManifest.xml:31:17-49
182            <meta-data
182-->[androidx.lifecycle:lifecycle-process:2.6.2] AndroidManifest.xml:29:13-31:52
183                android:name="androidx.lifecycle.ProcessLifecycleInitializer"
183-->[androidx.lifecycle:lifecycle-process:2.6.2] AndroidManifest.xml:30:17-78
184                android:value="androidx.startup" />
184-->[androidx.lifecycle:lifecycle-process:2.6.2] AndroidManifest.xml:31:17-49
185            <meta-data
185-->[androidx.profileinstaller:profileinstaller:1.3.1] AndroidManifest.xml:29:13-31:52
186                android:name="androidx.profileinstaller.ProfileInstallerInitializer"
186-->[androidx.profileinstaller:profileinstaller:1.3.1] AndroidManifest.xml:30:17-85
187                android:value="androidx.startup" />
187-->[androidx.profileinstaller:profileinstaller:1.3.1] AndroidManifest.xml:31:17-49
188        </provider>
189
190        <meta-data
190-->[com.google.android.gms:play-services-basement:18.1.0] AndroidManifest.xml:21:9-23:69
191            android:name="com.google.android.gms.version"
191-->[com.google.android.gms:play-services-basement:18.1.0] AndroidManifest.xml:22:13-58
192            android:value="@integer/google_play_services_version" />
192-->[com.google.android.gms:play-services-basement:18.1.0] AndroidManifest.xml:23:13-66
193
194        <receiver
194-->[androidx.profileinstaller:profileinstaller:1.3.1] AndroidManifest.xml:34:9-52:20
195            android:name="androidx.profileinstaller.ProfileInstallReceiver"
195-->[androidx.profileinstaller:profileinstaller:1.3.1] AndroidManifest.xml:35:13-76
196            android:directBootAware="false"
196-->[androidx.profileinstaller:profileinstaller:1.3.1] AndroidManifest.xml:36:13-44
197            android:enabled="true"
197-->[androidx.profileinstaller:profileinstaller:1.3.1] AndroidManifest.xml:37:13-35
198            android:exported="true"
198-->[androidx.profileinstaller:profileinstaller:1.3.1] AndroidManifest.xml:38:13-36
199            android:permission="android.permission.DUMP" >
199-->[androidx.profileinstaller:profileinstaller:1.3.1] AndroidManifest.xml:39:13-57
200            <intent-filter>
200-->[androidx.profileinstaller:profileinstaller:1.3.1] AndroidManifest.xml:40:13-42:29
201                <action android:name="androidx.profileinstaller.action.INSTALL_PROFILE" />
201-->[androidx.profileinstaller:profileinstaller:1.3.1] AndroidManifest.xml:41:17-91
201-->[androidx.profileinstaller:profileinstaller:1.3.1] AndroidManifest.xml:41:25-88
202            </intent-filter>
203            <intent-filter>
203-->[androidx.profileinstaller:profileinstaller:1.3.1] AndroidManifest.xml:43:13-45:29
204                <action android:name="androidx.profileinstaller.action.SKIP_FILE" />
204-->[androidx.profileinstaller:profileinstaller:1.3.1] AndroidManifest.xml:44:17-85
204-->[androidx.profileinstaller:profileinstaller:1.3.1] AndroidManifest.xml:44:25-82
205            </intent-filter>
206            <intent-filter>
206-->[androidx.profileinstaller:profileinstaller:1.3.1] AndroidManifest.xml:46:13-48:29
207                <action android:name="androidx.profileinstaller.action.SAVE_PROFILE" />
207-->[androidx.profileinstaller:profileinstaller:1.3.1] AndroidManifest.xml:47:17-88
207-->[androidx.profileinstaller:profileinstaller:1.3.1] AndroidManifest.xml:47:25-85
208            </intent-filter>
209            <intent-filter>
209-->[androidx.profileinstaller:profileinstaller:1.3.1] AndroidManifest.xml:49:13-51:29
210                <action android:name="androidx.profileinstaller.action.BENCHMARK_OPERATION" />
210-->[androidx.profileinstaller:profileinstaller:1.3.1] AndroidManifest.xml:50:17-95
210-->[androidx.profileinstaller:profileinstaller:1.3.1] AndroidManifest.xml:50:25-92
211            </intent-filter>
212        </receiver>
213
214        <service
214-->[com.google.android.datatransport:transport-backend-cct:3.1.8] AndroidManifest.xml:28:9-34:19
215            android:name="com.google.android.datatransport.runtime.backends.TransportBackendDiscovery"
215-->[com.google.android.datatransport:transport-backend-cct:3.1.8] AndroidManifest.xml:29:13-103
216            android:exported="false" >
216-->[com.google.android.datatransport:transport-backend-cct:3.1.8] AndroidManifest.xml:30:13-37
217            <meta-data
217-->[com.google.android.datatransport:transport-backend-cct:3.1.8] AndroidManifest.xml:31:13-33:39
218                android:name="backend:com.google.android.datatransport.cct.CctBackendFactory"
218-->[com.google.android.datatransport:transport-backend-cct:3.1.8] AndroidManifest.xml:32:17-94
219                android:value="cct" />
219-->[com.google.android.datatransport:transport-backend-cct:3.1.8] AndroidManifest.xml:33:17-36
220        </service>
221        <service
221-->[com.google.android.datatransport:transport-runtime:3.1.8] AndroidManifest.xml:26:9-30:19
222            android:name="com.google.android.datatransport.runtime.scheduling.jobscheduling.JobInfoSchedulerService"
222-->[com.google.android.datatransport:transport-runtime:3.1.8] AndroidManifest.xml:27:13-117
223            android:exported="false"
223-->[com.google.android.datatransport:transport-runtime:3.1.8] AndroidManifest.xml:28:13-37
224            android:permission="android.permission.BIND_JOB_SERVICE" >
224-->[com.google.android.datatransport:transport-runtime:3.1.8] AndroidManifest.xml:29:13-69
225        </service>
226
227        <receiver
227-->[com.google.android.datatransport:transport-runtime:3.1.8] AndroidManifest.xml:32:9-34:40
228            android:name="com.google.android.datatransport.runtime.scheduling.jobscheduling.AlarmManagerSchedulerBroadcastReceiver"
228-->[com.google.android.datatransport:transport-runtime:3.1.8] AndroidManifest.xml:33:13-132
229            android:exported="false" />
229-->[com.google.android.datatransport:transport-runtime:3.1.8] AndroidManifest.xml:34:13-37
230    </application>
231
232</manifest>